{
  "0 debug pnpm:scope": {
    "selected": 1
  },
  "1 error pnpm": {
    "errno": 1,
    "code": "ELIFECYCLE",
    "pkgid": "flow-admin@2.7.2",
    "stage": "bootstrap",
    "script": "yarn install",
    "pkgname": "flow-admin",
    "err": {
      "name": "pnpm",
      "message": "flow-admin@2.7.2 bootstrap: `yarn install`\nExit status 1",
      "code": "ELIFECYCLE",
      "stack": "pnpm: flow-admin@2.7.2 bootstrap: `yarn install`\nExit status 1\n    at EventEmitter.<anonymous> (C:\\Users\\admin\\AppData\\Roaming\\npm\\node_modules\\pnpm\\dist\\pnpm.cjs:105724:20)\n    at EventEmitter.emit (node:events:526:28)\n    at ChildProcess.<anonymous> (C:\\Users\\admin\\AppData\\Roaming\\npm\\node_modules\\pnpm\\dist\\pnpm.cjs:92285:18)\n    at ChildProcess.emit (node:events:526:28)\n    at maybeClose (node:internal/child_process:1092:16)\n    at Process.ChildProcess._handle.onexit (node:internal/child_process:302:5)"
    }
  },
  "2 warn pnpm:global": " Local package.json exists, but node_modules missing, did you mean to install?"
}